# JRE version: Java(TM) SE Runtime Environment (8.0_181-b13) (build 1.8.0_181-b13)
# Java VM: Java HotSpot(TM) 64-Bit Server VM (25.181-b13 mixed mode linux-amd64 compressed oops)
Heap:
 PSYoungGen      total 180224K, used 3241K [0x00000000e9f80000, 0x0000000100000000, 0x0000000100000000)
  eden space 120320K, 0% used [0x00000000e9f80000,0x00000000e9f80000,0x00000000f1500000)
  from space 59904K, 5% used [0x00000000fc580000,0x00000000fc8aa778,0x0000000100000000)
  to   space 120320K, 0% used [0x00000000f1500000,0x00000000f1500000,0x00000000f8a80000)
 ParOldGen       total 426496K, used 426131K [0x00000000bde00000, 0x00000000d7e80000, 0x00000000e9f80000)
  object space 426496K, 99% used [0x00000000bde00000,0x00000000d7e24ef0,0x00000000d7e80000)
 Metaspace       used 70747K, capacity 71554K, committed 71848K, reserved 1110016K
  class space    used 10599K, capacity 10793K, committed 10920K, reserved 1048576K
GC Heap History (10 events):
Event: 18.596 GC heap after
Heap after GC invocations=31 (full 3):
 PSYoungGen      total 260608K, used 19449K [0x00000000e9f80000, 0x0000000100000000, 0x0000000100000000)
  eden space 241152K, 0% used [0x00000000e9f80000,0x00000000e9f80000,0x00000000f8b00000)
  from space 19456K, 99% used [0x00000000fed00000,0x00000000ffffe628,0x0000000100000000)
  to   space 59904K, 0% used [0x00000000f8b00000,0x00000000f8b00000,0x00000000fc580000)
 ParOldGen       total 136704K, used 136112K [0x00000000bde00000, 0x00000000c6380000, 0x00000000e9f80000)
  object space 136704K, 99% used [0x00000000bde00000,0x00000000c62ec060,0x00000000c6380000)
 Metaspace       used 70157K, capacity 70942K, committed 71208K, reserved 1110016K
  class space    used 10526K, capacity 10711K, committed 10792K, reserved 1048576K
}
Event: 18.596 GC heap before
{Heap before GC invocations=32 (full 4):
 PSYoungGen      total 260608K, used 19449K [0x00000000e9f80000, 0x0000000100000000, 0x0000000100000000)
  eden space 241152K, 0% used [0x00000000e9f80000,0x00000000e9f80000,0x00000000f8b00000)
  from space 19456K, 99% used [0x00000000fed00000,0x00000000ffffe628,0x0000000100000000)
  to   space 59904K, 0% used [0x00000000f8b00000,0x00000000f8b00000,0x00000000fc580000)
 ParOldGen       total 136704K, used 136112K [0x00000000bde00000, 0x00000000c6380000, 0x00000000e9f80000)
  object space 136704K, 99% used [0x00000000bde00000,0x00000000c62ec060,0x00000000c6380000)
 Metaspace       used 70157K, capacity 70942K, committed 71208K, reserved 1110016K
  class space    used 10526K, capacity 10711K, committed 10792K, reserved 1048576K
Event: 19.430 GC heap after
Heap after GC invocations=32 (full 4):
 PSYoungGen      total 260608K, used 16780K [0x00000000e9f80000, 0x0000000100000000, 0x0000000100000000)
  eden space 241152K, 0% used [0x00000000e9f80000,0x00000000e9f80000,0x00000000f8b00000)
  from space 19456K, 86% used [0x00000000fed00000,0x00000000ffd631e0,0x0000000100000000)
  to   space 59904K, 0% used [0x00000000f8b00000,0x00000000f8b00000,0x00000000fc580000)
 ParOldGen       total 228352K, used 136425K [0x00000000bde00000, 0x00000000cbd00000, 0x00000000e9f80000)
  object space 228352K, 59% used [0x00000000bde00000,0x00000000c633a5f0,0x00000000cbd00000)
 Metaspace       used 70153K, capacity 70936K, committed 71208K, reserved 1110016K
  class space    used 10525K, capacity 10710K, committed 10792K, reserved 1048576K
}
Event: 21.064 GC heap before
{Heap before GC invocations=33 (full 4):
 PSYoungGen      total 260608K, used 256463K [0x00000000e9f80000, 0x0000000100000000, 0x0000000100000000)
  eden space 241152K, 99% used [0x00000000e9f80000,0x00000000f8990a80,0x00000000f8b00000)
  from space 19456K, 86% used [0x00000000fed00000,0x00000000ffd631e0,0x0000000100000000)
  to   space 59904K, 0% used [0x00000000f8b00000,0x00000000f8b00000,0x00000000fc580000)
 ParOldGen       total 228352K, used 136425K [0x00000000bde00000, 0x00000000cbd00000, 0x00000000e9f80000)
  object space 228352K, 59% used [0x00000000bde00000,0x00000000c633a5f0,0x00000000cbd00000)
 Metaspace       used 70631K, capacity 71394K, committed 71464K, reserved 1110016K
  class space    used 10580K, capacity 10760K, committed 10792K, reserved 1048576K
Event: 21.237 GC heap after
Heap after GC invocations=33 (full 4):
 PSYoungGen      total 301056K, used 59889K [0x00000000e9f80000, 0x0000000100000000, 0x0000000100000000)
  eden space 241152K, 0% used [0x00000000e9f80000,0x00000000e9f80000,0x00000000f8b00000)
  from space 59904K, 99% used [0x00000000f8b00000,0x00000000fc57c4f0,0x00000000fc580000)
  to   space 59904K, 0% used [0x00000000fc580000,0x00000000fc580000,0x0000000100000000)
 ParOldGen       total 276992K, used 276734K [0x00000000bde00000, 0x00000000cec80000, 0x00000000e9f80000)
  object space 276992K, 99% used [0x00000000bde00000,0x00000000cec3faf8,0x00000000cec80000)
 Metaspace       used 70631K, capacity 71394K, committed 71464K, reserved 1110016K
  class space    used 10580K, capacity 10760K, committed 10792K, reserved 1048576K
}
Event: 21.237 GC heap before
{Heap before GC invocations=34 (full 5):
 PSYoungGen      total 301056K, used 59889K [0x00000000e9f80000, 0x0000000100000000, 0x0000000100000000)
  eden space 241152K, 0% used [0x00000000e9f80000,0x00000000e9f80000,0x00000000f8b00000)
  from space 59904K, 99% used [0x00000000f8b00000,0x00000000fc57c4f0,0x00000000fc580000)
  to   space 59904K, 0% used [0x00000000fc580000,0x00000000fc580000,0x0000000100000000)
 ParOldGen       total 276992K, used 276734K [0x00000000bde00000, 0x00000000cec80000, 0x00000000e9f80000)
  object space 276992K, 99% used [0x00000000bde00000,0x00000000cec3faf8,0x00000000cec80000)
 Metaspace       used 70631K, capacity 71394K, committed 71464K, reserved 1110016K
  class space    used 10580K, capacity 10760K, committed 10792K, reserved 1048576K
Event: 21.362 GC heap after
Heap after GC invocations=34 (full 5):
 PSYoungGen      total 301056K, used 0K [0x00000000e9f80000, 0x0000000100000000, 0x0000000100000000)
  eden space 241152K, 0% used [0x00000000e9f80000,0x00000000e9f80000,0x00000000f8b00000)
  from space 59904K, 0% used [0x00000000f8b00000,0x00000000f8b00000,0x00000000fc580000)
  to   space 59904K, 0% used [0x00000000fc580000,0x00000000fc580000,0x0000000100000000)
 ParOldGen       total 343040K, used 198301K [0x00000000bde00000, 0x00000000d2d00000, 0x00000000e9f80000)
  object space 343040K, 57% used [0x00000000bde00000,0x00000000c9fa7608,0x00000000d2d00000)
 Metaspace       used 70627K, capacity 71388K, committed 71464K, reserved 1110016K
  class space    used 10579K, capacity 10759K, committed 10792K, reserved 1048576K
}
Event: 22.729 GC heap before
{Heap before GC invocations=35 (full 5):
 PSYoungGen      total 301056K, used 241152K [0x00000000e9f80000, 0x0000000100000000, 0x0000000100000000)
  eden space 241152K, 100% used [0x00000000e9f80000,0x00000000f8b00000,0x00000000f8b00000)
  from space 59904K, 0% used [0x00000000f8b00000,0x00000000f8b00000,0x00000000fc580000)
  to   space 59904K, 0% used [0x00000000fc580000,0x00000000fc580000,0x0000000100000000)
 ParOldGen       total 343040K, used 198301K [0x00000000bde00000, 0x00000000d2d00000, 0x00000000e9f80000)
  object space 343040K, 57% used [0x00000000bde00000,0x00000000c9fa7608,0x00000000d2d00000)
 Metaspace       used 70747K, capacity 71554K, committed 71848K, reserved 1110016K
  class space    used 10599K, capacity 10793K, committed 10920K, reserved 1048576K
Event: 22.941 GC heap after
Heap after GC invocations=35 (full 5):
 PSYoungGen      total 180224K, used 52441K [0x00000000e9f80000, 0x0000000100000000, 0x0000000100000000)
  eden space 120320K, 0% used [0x00000000e9f80000,0x00000000e9f80000,0x00000000f1500000)
  from space 59904K, 87% used [0x00000000fc580000,0x00000000ff8b65a8,0x0000000100000000)
  to   space 120320K, 0% used [0x00000000f1500000,0x00000000f1500000,0x00000000f8a80000)
 ParOldGen       total 426496K, used 411293K [0x00000000bde00000, 0x00000000d7e80000, 0x00000000e9f80000)
  object space 426496K, 96% used [0x00000000bde00000,0x00000000d6fa76b8,0x00000000d7e80000)
 Metaspace       used 70747K, capacity 71554K, committed 71848K, reserved 1110016K
  class space    used 10599K, capacity 10793K, committed 10920K, reserved 1048576K
}
Event: 22.941 GC heap before
{Heap before GC invocations=36 (full 6):
 PSYoungGen      total 180224K, used 52441K [0x00000000e9f80000, 0x0000000100000000, 0x0000000100000000)
  eden space 120320K, 0% used [0x00000000e9f80000,0x00000000e9f80000,0x00000000f1500000)
  from space 59904K, 87% used [0x00000000fc580000,0x00000000ff8b65a8,0x0000000100000000)
  to   space 120320K, 0% used [0x00000000f1500000,0x00000000f1500000,0x00000000f8a80000)
 ParOldGen       total 426496K, used 411293K [0x00000000bde00000, 0x00000000d7e80000, 0x00000000e9f80000)
  object space 426496K, 96% used [0x00000000bde00000,0x00000000d6fa76b8,0x00000000d7e80000)
 Metaspace       used 70747K, capacity 71554K, committed 71848K, reserved 1110016K
  class space    used 10599K, capacity 10793K, committed 10920K, reserved 1048576K

