# JRE version: Java(TM) SE Runtime Environment (8.0_152-b16) (build 1.8.0_152-b16)
# Java VM: Java HotSpot(TM) 64-Bit Server VM (25.152-b16 mixed mode windows-amd64 compressed oops)
Heap:
 PSYoungGen      total 139776K, used 95669K [0x000000076c700000, 0x0000000778880000, 0x00000007c0000000)
  eden space 129024K, 65% used [0x000000076c700000,0x00000007719eecc8,0x0000000774500000)
  from space 10752K, 99% used [0x0000000774f80000,0x00000007759fe7b0,0x0000000775a00000)
  to   space 10752K, 0% used [0x0000000774500000,0x0000000774500000,0x0000000774f80000)
 ParOldGen       total 205824K, used 88812K [0x00000006c5400000, 0x00000006d1d00000, 0x000000076c700000)
  object space 205824K, 43% used [0x00000006c5400000,0x00000006caabb0e8,0x00000006d1d00000)
 Metaspace       used 29521K, capacity 29613K, committed 30080K, reserved 1075200K
  class space    used 4092K, capacity 4112K, committed 4224K, reserved 1048576K
GC Heap History (10 events):
Event: 0.861 GC heap before
{Heap before GC invocations=1 (full 0):
 PSYoungGen      total 75264K, used 64512K [0x000000076c700000, 0x0000000771b00000, 0x00000007c0000000)
  eden space 64512K, 100% used [0x000000076c700000,0x0000000770600000,0x0000000770600000)
  from space 10752K, 0% used [0x0000000771080000,0x0000000771080000,0x0000000771b00000)
  to   space 10752K, 0% used [0x0000000770600000,0x0000000770600000,0x0000000771080000)
 ParOldGen       total 172032K, used 0K [0x00000006c5400000, 0x00000006cfc00000, 0x000000076c700000)
  object space 172032K, 0% used [0x00000006c5400000,0x00000006c5400000,0x00000006cfc00000)
 Metaspace       used 14261K, capacity 14344K, committed 14592K, reserved 1060864K
  class space    used 2183K, capacity 2224K, committed 2304K, reserved 1048576K
Event: 0.878 GC heap after
Heap after GC invocations=1 (full 0):
 PSYoungGen      total 75264K, used 10732K [0x000000076c700000, 0x0000000775a00000, 0x00000007c0000000)
  eden space 64512K, 0% used [0x000000076c700000,0x000000076c700000,0x0000000770600000)
  from space 10752K, 99% used [0x0000000770600000,0x000000077107b390,0x0000000771080000)
  to   space 10752K, 0% used [0x0000000774f80000,0x0000000774f80000,0x0000000775a00000)
 ParOldGen       total 172032K, used 10840K [0x00000006c5400000, 0x00000006cfc00000, 0x000000076c700000)
  object space 172032K, 6% used [0x00000006c5400000,0x00000006c5e961a8,0x00000006cfc00000)
 Metaspace       used 14261K, capacity 14344K, committed 14592K, reserved 1060864K
  class space    used 2183K, capacity 2224K, committed 2304K, reserved 1048576K
}
Event: 1.030 GC heap before
{Heap before GC invocations=2 (full 0):
 PSYoungGen      total 75264K, used 75244K [0x000000076c700000, 0x0000000775a00000, 0x00000007c0000000)
  eden space 64512K, 100% used [0x000000076c700000,0x0000000770600000,0x0000000770600000)
  from space 10752K, 99% used [0x0000000770600000,0x000000077107b390,0x0000000771080000)
  to   space 10752K, 0% used [0x0000000774f80000,0x0000000774f80000,0x0000000775a00000)
 ParOldGen       total 172032K, used 10840K [0x00000006c5400000, 0x00000006cfc00000, 0x000000076c700000)
  object space 172032K, 6% used [0x00000006c5400000,0x00000006c5e961a8,0x00000006cfc00000)
 Metaspace       used 14306K, capacity 14408K, committed 14592K, reserved 1060864K
  class space    used 2184K, capacity 2224K, committed 2304K, reserved 1048576K
Event: 1.058 GC heap after
Heap after GC invocations=2 (full 0):
 PSYoungGen      total 139776K, used 10748K [0x000000076c700000, 0x0000000775a00000, 0x00000007c0000000)
  eden space 129024K, 0% used [0x000000076c700000,0x000000076c700000,0x0000000774500000)
  from space 10752K, 99% used [0x0000000774f80000,0x00000007759ff3a0,0x0000000775a00000)
  to   space 10752K, 0% used [0x0000000774500000,0x0000000774500000,0x0000000774f80000)
 ParOldGen       total 172032K, used 45752K [0x00000006c5400000, 0x00000006cfc00000, 0x000000076c700000)
  object space 172032K, 26% used [0x00000006c5400000,0x00000006c80ae328,0x00000006cfc00000)
 Metaspace       used 14306K, capacity 14408K, committed 14592K, reserved 1060864K
  class space    used 2184K, capacity 2224K, committed 2304K, reserved 1048576K
}
Event: 1.640 GC heap before
{Heap before GC invocations=3 (full 0):
 PSYoungGen      total 139776K, used 60158K [0x000000076c700000, 0x0000000775a00000, 0x00000007c0000000)
  eden space 129024K, 38% used [0x000000076c700000,0x000000076f740468,0x0000000774500000)
  from space 10752K, 99% used [0x0000000774f80000,0x00000007759ff3a0,0x0000000775a00000)
  to   space 10752K, 0% used [0x0000000774500000,0x0000000774500000,0x0000000774f80000)
 ParOldGen       total 172032K, used 45752K [0x00000006c5400000, 0x00000006cfc00000, 0x000000076c700000)
  object space 172032K, 26% used [0x00000006c5400000,0x00000006c80ae328,0x00000006cfc00000)
 Metaspace       used 21075K, capacity 21132K, committed 21248K, reserved 1067008K
  class space    used 3022K, capacity 3056K, committed 3072K, reserved 1048576K
Event: 1.664 GC heap after
Heap after GC invocations=3 (full 0):
 PSYoungGen      total 139776K, used 10735K [0x000000076c700000, 0x0000000775a00000, 0x00000007c0000000)
  eden space 129024K, 0% used [0x000000076c700000,0x000000076c700000,0x0000000774500000)
  from space 10752K, 99% used [0x0000000774500000,0x0000000774f7beb0,0x0000000774f80000)
  to   space 10752K, 0% used [0x0000000774f80000,0x0000000774f80000,0x0000000775a00000)
 ParOldGen       total 172032K, used 62967K [0x00000006c5400000, 0x00000006cfc00000, 0x000000076c700000)
  object space 172032K, 36% used [0x00000006c5400000,0x00000006c917dff8,0x00000006cfc00000)
 Metaspace       used 21075K, capacity 21132K, committed 21248K, reserved 1067008K
  class space    used 3022K, capacity 3056K, committed 3072K, reserved 1048576K
}
Event: 1.664 GC heap before
{Heap before GC invocations=4 (full 1):
 PSYoungGen      total 139776K, used 10735K [0x000000076c700000, 0x0000000775a00000, 0x00000007c0000000)
  eden space 129024K, 0% used [0x000000076c700000,0x000000076c700000,0x0000000774500000)
  from space 10752K, 99% used [0x0000000774500000,0x0000000774f7beb0,0x0000000774f80000)
  to   space 10752K, 0% used [0x0000000774f80000,0x0000000774f80000,0x0000000775a00000)
 ParOldGen       total 172032K, used 62967K [0x00000006c5400000, 0x00000006cfc00000, 0x000000076c700000)
  object space 172032K, 36% used [0x00000006c5400000,0x00000006c917dff8,0x00000006cfc00000)
 Metaspace       used 21075K, capacity 21132K, committed 21248K, reserved 1067008K
  class space    used 3022K, capacity 3056K, committed 3072K, reserved 1048576K
Event: 1.833 GC heap after
Heap after GC invocations=4 (full 1):
 PSYoungGen      total 139776K, used 0K [0x000000076c700000, 0x0000000775a00000, 0x00000007c0000000)
  eden space 129024K, 0% used [0x000000076c700000,0x000000076c700000,0x0000000774500000)
  from space 10752K, 0% used [0x0000000774500000,0x0000000774500000,0x0000000774f80000)
  to   space 10752K, 0% used [0x0000000774f80000,0x0000000774f80000,0x0000000775a00000)
 ParOldGen       total 205824K, used 67290K [0x00000006c5400000, 0x00000006d1d00000, 0x000000076c700000)
  object space 205824K, 32% used [0x00000006c5400000,0x00000006c95b6ab8,0x00000006d1d00000)
 Metaspace       used 21075K, capacity 21132K, committed 21248K, reserved 1067008K
  class space    used 3022K, capacity 3056K, committed 3072K, reserved 1048576K
}
Event: 5.467 GC heap before
{Heap before GC invocations=5 (full 1):
 PSYoungGen      total 139776K, used 129024K [0x000000076c700000, 0x0000000775a00000, 0x00000007c0000000)
  eden space 129024K, 100% used [0x000000076c700000,0x0000000774500000,0x0000000774500000)
  from space 10752K, 0% used [0x0000000774500000,0x0000000774500000,0x0000000774f80000)
  to   space 10752K, 0% used [0x0000000774f80000,0x0000000774f80000,0x0000000775a00000)
 ParOldGen       total 205824K, used 67290K [0x00000006c5400000, 0x00000006d1d00000, 0x000000076c700000)
  object space 205824K, 32% used [0x00000006c5400000,0x00000006c95b6ab8,0x00000006d1d00000)
 Metaspace       used 28473K, capacity 28525K, committed 28928K, reserved 1075200K
  class space    used 4008K, capacity 4048K, committed 4096K, reserved 1048576K
Event: 5.491 GC heap after
Heap after GC invocations=5 (full 1):
 PSYoungGen      total 139776K, used 10745K [0x000000076c700000, 0x0000000778880000, 0x00000007c0000000)
  eden space 129024K, 0% used [0x000000076c700000,0x000000076c700000,0x0000000774500000)
  from space 10752K, 99% used [0x0000000774f80000,0x00000007759fe7b0,0x0000000775a00000)
  to   space 10752K, 0% used [0x0000000774500000,0x0000000774500000,0x0000000774f80000)
 ParOldGen       total 205824K, used 88812K [0x00000006c5400000, 0x00000006d1d00000, 0x000000076c700000)
  object space 205824K, 43% used [0x00000006c5400000,0x00000006caabb0e8,0x00000006d1d00000)
 Metaspace       used 28473K, capacity 28525K, committed 28928K, reserved 1075200K
  class space    used 4008K, capacity 4048K, committed 4096K, reserved 1048576K
}

