# JRE version: Java(TM) SE Runtime Environment (8.0_181-b13) (build 1.8.0_181-b13)
# Java VM: Java HotSpot(TM) 64-Bit Server VM (25.181-b13 mixed mode linux-amd64 compressed oops)
Heap:
 PSYoungGen      total 138240K, used 0K [0x00000000e9f80000, 0x0000000100000000, 0x0000000100000000)
  eden space 120320K, 0% used [0x00000000e9f80000,0x00000000e9f80000,0x00000000f1500000)
  from space 17920K, 0% used [0x00000000fee80000,0x00000000fee80000,0x0000000100000000)
  to   space 120320K, 0% used [0x00000000f1500000,0x00000000f1500000,0x00000000f8a80000)
 ParOldGen       total 497152K, used 443076K [0x00000000bde00000, 0x00000000dc380000, 0x00000000e9f80000)
  object space 497152K, 89% used [0x00000000bde00000,0x00000000d8eb1140,0x00000000dc380000)
 Metaspace       used 71066K, capacity 71914K, committed 72104K, reserved 1110016K
  class space    used 10623K, capacity 10798K, committed 10920K, reserved 1048576K
GC Heap History (10 events):
Event: 19.095 GC heap after
Heap after GC invocations=26 (full 3):
 PSYoungGen      total 338944K, used 11540K [0x00000000e9f80000, 0x0000000100000000, 0x0000000100000000)
  eden space 327168K, 0% used [0x00000000e9f80000,0x00000000e9f80000,0x00000000fdf00000)
  from space 11776K, 97% used [0x00000000fdf00000,0x00000000fea45168,0x00000000fea80000)
  to   space 17920K, 0% used [0x00000000fee80000,0x00000000fee80000,0x0000000100000000)
 ParOldGen       total 67584K, used 37707K [0x00000000bde00000, 0x00000000c2000000, 0x00000000e9f80000)
  object space 67584K, 55% used [0x00000000bde00000,0x00000000c02d2e58,0x00000000c2000000)
 Metaspace       used 68412K, capacity 69134K, committed 69416K, reserved 1107968K
  class space    used 10340K, capacity 10504K, committed 10536K, reserved 1048576K
}
Event: 20.893 GC heap before
{Heap before GC invocations=27 (full 3):
 PSYoungGen      total 338944K, used 338708K [0x00000000e9f80000, 0x0000000100000000, 0x0000000100000000)
  eden space 327168K, 100% used [0x00000000e9f80000,0x00000000fdf00000,0x00000000fdf00000)
  from space 11776K, 97% used [0x00000000fdf00000,0x00000000fea45168,0x00000000fea80000)
  to   space 17920K, 0% used [0x00000000fee80000,0x00000000fee80000,0x0000000100000000)
 ParOldGen       total 67584K, used 37707K [0x00000000bde00000, 0x00000000c2000000, 0x00000000e9f80000)
  object space 67584K, 55% used [0x00000000bde00000,0x00000000c02d2e58,0x00000000c2000000)
 Metaspace       used 70174K, capacity 70942K, committed 71208K, reserved 1110016K
  class space    used 10528K, capacity 10711K, committed 10792K, reserved 1048576K
Event: 20.927 GC heap after
Heap after GC invocations=27 (full 3):
 PSYoungGen      total 343552K, used 7968K [0x00000000e9f80000, 0x0000000100000000, 0x0000000100000000)
  eden space 325632K, 0% used [0x00000000e9f80000,0x00000000e9f80000,0x00000000fdd80000)
  from space 17920K, 44% used [0x00000000fee80000,0x00000000ff648230,0x0000000100000000)
  to   space 17408K, 0% used [0x00000000fdd80000,0x00000000fdd80000,0x00000000fee80000)
 ParOldGen       total 67584K, used 48569K [0x00000000bde00000, 0x00000000c2000000, 0x00000000e9f80000)
  object space 67584K, 71% used [0x00000000bde00000,0x00000000c0d6e490,0x00000000c2000000)
 Metaspace       used 70174K, capacity 70942K, committed 71208K, reserved 1110016K
  class space    used 10528K, capacity 10711K, committed 10792K, reserved 1048576K
}
Event: 22.713 GC heap before
{Heap before GC invocations=28 (full 3):
 PSYoungGen      total 343552K, used 322379K [0x00000000e9f80000, 0x0000000100000000, 0x0000000100000000)
  eden space 325632K, 96% used [0x00000000e9f80000,0x00000000fd28ab28,0x00000000fdd80000)
  from space 17920K, 44% used [0x00000000fee80000,0x00000000ff648230,0x0000000100000000)
  to   space 17408K, 0% used [0x00000000fdd80000,0x00000000fdd80000,0x00000000fee80000)
 ParOldGen       total 67584K, used 48569K [0x00000000bde00000, 0x00000000c2000000, 0x00000000e9f80000)
  object space 67584K, 71% used [0x00000000bde00000,0x00000000c0d6e490,0x00000000c2000000)
 Metaspace       used 70516K, capacity 71336K, committed 71464K, reserved 1110016K
  class space    used 10557K, capacity 10761K, committed 10792K, reserved 1048576K
Event: 22.813 GC heap after
Heap after GC invocations=28 (full 3):
 PSYoungGen      total 343040K, used 17388K [0x00000000e9f80000, 0x0000000100000000, 0x0000000100000000)
  eden space 325632K, 0% used [0x00000000e9f80000,0x00000000e9f80000,0x00000000fdd80000)
  from space 17408K, 99% used [0x00000000fdd80000,0x00000000fee7b1d0,0x00000000fee80000)
  to   space 17920K, 0% used [0x00000000fee80000,0x00000000fee80000,0x0000000100000000)
 ParOldGen       total 177664K, used 169875K [0x00000000bde00000, 0x00000000c8b80000, 0x00000000e9f80000)
  object space 177664K, 95% used [0x00000000bde00000,0x00000000c83e4e68,0x00000000c8b80000)
 Metaspace       used 70516K, capacity 71336K, committed 71464K, reserved 1110016K
  class space    used 10557K, capacity 10761K, committed 10792K, reserved 1048576K
}
Event: 22.813 GC heap before
{Heap before GC invocations=29 (full 4):
 PSYoungGen      total 343040K, used 17388K [0x00000000e9f80000, 0x0000000100000000, 0x0000000100000000)
  eden space 325632K, 0% used [0x00000000e9f80000,0x00000000e9f80000,0x00000000fdd80000)
  from space 17408K, 99% used [0x00000000fdd80000,0x00000000fee7b1d0,0x00000000fee80000)
  to   space 17920K, 0% used [0x00000000fee80000,0x00000000fee80000,0x0000000100000000)
 ParOldGen       total 177664K, used 169875K [0x00000000bde00000, 0x00000000c8b80000, 0x00000000e9f80000)
  object space 177664K, 95% used [0x00000000bde00000,0x00000000c83e4e68,0x00000000c8b80000)
 Metaspace       used 70516K, capacity 71336K, committed 71464K, reserved 1110016K
  class space    used 10557K, capacity 10761K, committed 10792K, reserved 1048576K
Event: 22.996 GC heap after
Heap after GC invocations=29 (full 4):
 PSYoungGen      total 343040K, used 0K [0x00000000e9f80000, 0x0000000100000000, 0x0000000100000000)
  eden space 325632K, 0% used [0x00000000e9f80000,0x00000000e9f80000,0x00000000fdd80000)
  from space 17408K, 0% used [0x00000000fdd80000,0x00000000fdd80000,0x00000000fee80000)
  to   space 17920K, 0% used [0x00000000fee80000,0x00000000fee80000,0x0000000100000000)
 ParOldGen       total 277504K, used 173652K [0x00000000bde00000, 0x00000000ced00000, 0x00000000e9f80000)
  object space 277504K, 62% used [0x00000000bde00000,0x00000000c8795298,0x00000000ced00000)
 Metaspace       used 70509K, capacity 71324K, committed 71464K, reserved 1110016K
  class space    used 10556K, capacity 10759K, committed 10792K, reserved 1048576K
}
Event: 30.691 GC heap before
{Heap before GC invocations=30 (full 4):
 PSYoungGen      total 343040K, used 325632K [0x00000000e9f80000, 0x0000000100000000, 0x0000000100000000)
  eden space 325632K, 100% used [0x00000000e9f80000,0x00000000fdd80000,0x00000000fdd80000)
  from space 17408K, 0% used [0x00000000fdd80000,0x00000000fdd80000,0x00000000fee80000)
  to   space 17920K, 0% used [0x00000000fee80000,0x00000000fee80000,0x0000000100000000)
 ParOldGen       total 277504K, used 173652K [0x00000000bde00000, 0x00000000ced00000, 0x00000000e9f80000)
  object space 277504K, 62% used [0x00000000bde00000,0x00000000c8795298,0x00000000ced00000)
 Metaspace       used 71066K, capacity 71914K, committed 72104K, reserved 1110016K
  class space    used 10623K, capacity 10798K, committed 10920K, reserved 1048576K
Event: 31.460 GC heap after
Heap after GC invocations=30 (full 4):
 PSYoungGen      total 138240K, used 17915K [0x00000000e9f80000, 0x0000000100000000, 0x0000000100000000)
  eden space 120320K, 0% used [0x00000000e9f80000,0x00000000e9f80000,0x00000000f1500000)
  from space 17920K, 99% used [0x00000000fee80000,0x00000000ffffef48,0x0000000100000000)
  to   space 120320K, 0% used [0x00000000f1500000,0x00000000f1500000,0x00000000f8a80000)
 ParOldGen       total 497152K, used 494098K [0x00000000bde00000, 0x00000000dc380000, 0x00000000e9f80000)
  object space 497152K, 99% used [0x00000000bde00000,0x00000000dc084958,0x00000000dc380000)
 Metaspace       used 71066K, capacity 71914K, committed 72104K, reserved 1110016K
  class space    used 10623K, capacity 10798K, committed 10920K, reserved 1048576K
}
Event: 31.460 GC heap before
{Heap before GC invocations=31 (full 5):
 PSYoungGen      total 138240K, used 17915K [0x00000000e9f80000, 0x0000000100000000, 0x0000000100000000)
  eden space 120320K, 0% used [0x00000000e9f80000,0x00000000e9f80000,0x00000000f1500000)
  from space 17920K, 99% used [0x00000000fee80000,0x00000000ffffef48,0x0000000100000000)
  to   space 120320K, 0% used [0x00000000f1500000,0x00000000f1500000,0x00000000f8a80000)
 ParOldGen       total 497152K, used 494098K [0x00000000bde00000, 0x00000000dc380000, 0x00000000e9f80000)
  object space 497152K, 99% used [0x00000000bde00000,0x00000000dc084958,0x00000000dc380000)
 Metaspace       used 71066K, capacity 71914K, committed 72104K, reserved 1110016K
  class space    used 10623K, capacity 10798K, committed 10920K, reserved 1048576K

